# JRE version: Java(TM) SE Runtime Environment (8.0_51-b16) (build 1.8.0_51-b16)
# Java VM: Java HotSpot(TM) 64-Bit Server VM (25.51-b03 mixed mode windows-amd64 compressed oops)
Heap:
 PSYoungGen      total 153600K, used 75986K [0x00000000d5d00000, 0x00000000dff00000, 0x0000000100000000)
  eden space 141312K, 53% used [0x00000000d5d00000,0x00000000da734b88,0x00000000de700000)
  from space 12288K, 0% used [0x00000000de700000,0x00000000de700000,0x00000000df300000)
  to   space 12288K, 0% used [0x00000000df300000,0x00000000df300000,0x00000000dff00000)
 ParOldGen       total 93184K, used 47700K [0x0000000081600000, 0x0000000087100000, 0x00000000d5d00000)
  object space 93184K, 51% used [0x0000000081600000,0x0000000084495058,0x0000000087100000)
 Metaspace       used 51795K, capacity 54614K, committed 54872K, reserved 1097728K
  class space    used 6375K, capacity 6924K, committed 7000K, reserved 1048576K
GC Heap History (10 events):
Event: 1305.207 GC heap before
{Heap before GC invocations=28 (full 11):
 PSYoungGen      total 154112K, used 8426K [0x00000000d5d00000, 0x00000000e0000000, 0x0000000100000000)
  eden space 141312K, 0% used [0x00000000d5d00000,0x00000000d5d00000,0x00000000de700000)
  from space 12800K, 65% used [0x00000000de700000,0x00000000def3ab20,0x00000000df380000)
  to   space 12800K, 0% used [0x00000000df380000,0x00000000df380000,0x00000000e0000000)
 ParOldGen       total 93184K, used 38241K [0x0000000081600000, 0x0000000087100000, 0x00000000d5d00000)
  object space 93184K, 41% used [0x0000000081600000,0x0000000083b587d0,0x0000000087100000)
 Metaspace       used 51232K, capacity 53940K, committed 54104K, reserved 1095680K
  class space    used 6338K, capacity 6896K, committed 7000K, reserved 1048576K
Event: 1305.279 GC heap after
Heap after GC invocations=28 (full 11):
 PSYoungGen      total 154112K, used 0K [0x00000000d5d00000, 0x00000000e0000000, 0x0000000100000000)
  eden space 141312K, 0% used [0x00000000d5d00000,0x00000000d5d00000,0x00000000de700000)
  from space 12800K, 0% used [0x00000000de700000,0x00000000de700000,0x00000000df380000)
  to   space 12800K, 0% used [0x00000000df380000,0x00000000df380000,0x00000000e0000000)
 ParOldGen       total 93184K, used 43364K [0x0000000081600000, 0x0000000087100000, 0x00000000d5d00000)
  object space 93184K, 46% used [0x0000000081600000,0x0000000084059048,0x0000000087100000)
 Metaspace       used 51229K, capacity 53934K, committed 54104K, reserved 1095680K
  class space    used 6338K, capacity 6894K, committed 7000K, reserved 1048576K
}
Event: 1344.200 GC heap before
{Heap before GC invocations=29 (full 11):
 PSYoungGen      total 154112K, used 83962K [0x00000000d5d00000, 0x00000000e0000000, 0x0000000100000000)
  eden space 141312K, 59% used [0x00000000d5d00000,0x00000000daefe848,0x00000000de700000)
  from space 12800K, 0% used [0x00000000de700000,0x00000000de700000,0x00000000df380000)
  to   space 12800K, 0% used [0x00000000df380000,0x00000000df380000,0x00000000e0000000)
 ParOldGen       total 93184K, used 43364K [0x0000000081600000, 0x0000000087100000, 0x00000000d5d00000)
  object space 93184K, 46% used [0x0000000081600000,0x0000000084059048,0x0000000087100000)
 Metaspace       used 51366K, capacity 54104K, committed 54360K, reserved 1097728K
  class space    used 6344K, capacity 6903K, committed 7000K, reserved 1048576K
Event: 1344.204 GC heap after
Heap after GC invocations=29 (full 11):
 PSYoungGen      total 153088K, used 5720K [0x00000000d5d00000, 0x00000000dff00000, 0x0000000100000000)
  eden space 141312K, 0% used [0x00000000d5d00000,0x00000000d5d00000,0x00000000de700000)
  from space 11776K, 48% used [0x00000000df380000,0x00000000df916320,0x00000000dff00000)
  to   space 12288K, 0% used [0x00000000de700000,0x00000000de700000,0x00000000df300000)
 ParOldGen       total 93184K, used 43372K [0x0000000081600000, 0x0000000087100000, 0x00000000d5d00000)
  object space 93184K, 46% used [0x0000000081600000,0x000000008405b048,0x0000000087100000)
 Metaspace       used 51366K, capacity 54104K, committed 54360K, reserved 1097728K
  class space    used 6344K, capacity 6903K, committed 7000K, reserved 1048576K
}
Event: 1344.204 GC heap before
{Heap before GC invocations=30 (full 12):
 PSYoungGen      total 153088K, used 5720K [0x00000000d5d00000, 0x00000000dff00000, 0x0000000100000000)
  eden space 141312K, 0% used [0x00000000d5d00000,0x00000000d5d00000,0x00000000de700000)
  from space 11776K, 48% used [0x00000000df380000,0x00000000df916320,0x00000000dff00000)
  to   space 12288K, 0% used [0x00000000de700000,0x00000000de700000,0x00000000df300000)
 ParOldGen       total 93184K, used 43372K [0x0000000081600000, 0x0000000087100000, 0x00000000d5d00000)
  object space 93184K, 46% used [0x0000000081600000,0x000000008405b048,0x0000000087100000)
 Metaspace       used 51366K, capacity 54104K, committed 54360K, reserved 1097728K
  class space    used 6344K, capacity 6903K, committed 7000K, reserved 1048576K
Event: 1344.289 GC heap after
Heap after GC invocations=30 (full 12):
 PSYoungGen      total 153088K, used 0K [0x00000000d5d00000, 0x00000000dff00000, 0x0000000100000000)
  eden space 141312K, 0% used [0x00000000d5d00000,0x00000000d5d00000,0x00000000de700000)
  from space 11776K, 0% used [0x00000000df380000,0x00000000df380000,0x00000000dff00000)
  to   space 12288K, 0% used [0x00000000de700000,0x00000000de700000,0x00000000df300000)
 ParOldGen       total 93184K, used 45121K [0x0000000081600000, 0x0000000087100000, 0x00000000d5d00000)
  object space 93184K, 48% used [0x0000000081600000,0x0000000084210538,0x0000000087100000)
 Metaspace       used 51364K, capacity 54098K, committed 54360K, reserved 1097728K
  class space    used 6344K, capacity 6901K, committed 7000K, reserved 1048576K
}
Event: 1777.747 GC heap before
{Heap before GC invocations=31 (full 12):
 PSYoungGen      total 153088K, used 103794K [0x00000000d5d00000, 0x00000000dff00000, 0x0000000100000000)
  eden space 141312K, 73% used [0x00000000d5d00000,0x00000000dc25ca58,0x00000000de700000)
  from space 11776K, 0% used [0x00000000df380000,0x00000000df380000,0x00000000dff00000)
  to   space 12288K, 0% used [0x00000000de700000,0x00000000de700000,0x00000000df300000)
 ParOldGen       total 93184K, used 45121K [0x0000000081600000, 0x0000000087100000, 0x00000000d5d00000)
  object space 93184K, 48% used [0x0000000081600000,0x0000000084210538,0x0000000087100000)
 Metaspace       used 51563K, capacity 54326K, committed 54616K, reserved 1097728K
  class space    used 6356K, capacity 6912K, committed 7000K, reserved 1048576K
Event: 1777.751 GC heap after
Heap after GC invocations=31 (full 12):
 PSYoungGen      total 153600K, used 5873K [0x00000000d5d00000, 0x00000000dff00000, 0x0000000100000000)
  eden space 141312K, 0% used [0x00000000d5d00000,0x00000000d5d00000,0x00000000de700000)
  from space 12288K, 47% used [0x00000000de700000,0x00000000decbc450,0x00000000df300000)
  to   space 12288K, 0% used [0x00000000df300000,0x00000000df300000,0x00000000dff00000)
 ParOldGen       total 93184K, used 45129K [0x0000000081600000, 0x0000000087100000, 0x00000000d5d00000)
  object space 93184K, 48% used [0x0000000081600000,0x0000000084212538,0x0000000087100000)
 Metaspace       used 51563K, capacity 54326K, committed 54616K, reserved 1097728K
  class space    used 6356K, capacity 6912K, committed 7000K, reserved 1048576K
}
Event: 1777.751 GC heap before
{Heap before GC invocations=32 (full 13):
 PSYoungGen      total 153600K, used 5873K [0x00000000d5d00000, 0x00000000dff00000, 0x0000000100000000)
  eden space 141312K, 0% used [0x00000000d5d00000,0x00000000d5d00000,0x00000000de700000)
  from space 12288K, 47% used [0x00000000de700000,0x00000000decbc450,0x00000000df300000)
  to   space 12288K, 0% used [0x00000000df300000,0x00000000df300000,0x00000000dff00000)
 ParOldGen       total 93184K, used 45129K [0x0000000081600000, 0x0000000087100000, 0x00000000d5d00000)
  object space 93184K, 48% used [0x0000000081600000,0x0000000084212538,0x0000000087100000)
 Metaspace       used 51563K, capacity 54326K, committed 54616K, reserved 1097728K
  class space    used 6356K, capacity 6912K, committed 7000K, reserved 1048576K
Event: 1777.849 GC heap after
Heap after GC invocations=32 (full 13):
 PSYoungGen      total 153600K, used 0K [0x00000000d5d00000, 0x00000000dff00000, 0x0000000100000000)
  eden space 141312K, 0% used [0x00000000d5d00000,0x00000000d5d00000,0x00000000de700000)
  from space 12288K, 0% used [0x00000000de700000,0x00000000de700000,0x00000000df300000)
  to   space 12288K, 0% used [0x00000000df300000,0x00000000df300000,0x00000000dff00000)
 ParOldGen       total 93184K, used 47700K [0x0000000081600000, 0x0000000087100000, 0x00000000d5d00000)
  object space 93184K, 51% used [0x0000000081600000,0x0000000084495058,0x0000000087100000)
 Metaspace       used 51560K, capacity 54320K, committed 54616K, reserved 1097728K
  class space    used 6355K, capacity 6910K, committed 7000K, reserved 1048576K
}

